09/May/2022:12:10:44 +0530 [main] INFO  com.spe.eatnow_backend.EatnowBackendApplication - Starting EatnowBackendApplication using Java 11.0.15 on sibinthomas with PID 18552 (/home/sibin/Desktop/major_project/EatNow-Backend/target/classes started by sibin in /home/sibin/Desktop/major_project/EatNow-Backend)
09/May/2022:12:10:44 +0530 [main] INFO  com.spe.eatnow_backend.EatnowBackendApplication - No active profile set, falling back to 1 default profile: "default"
09/May/2022:12:10:45 +0530 [main] INFO  org.springframework.data.repository.config.RepositoryConfigurationDelegate - Bootstrapping Spring Data JPA repositories in DEFAULT mode.
09/May/2022:12:10:45 +0530 [main] INFO  org.springframework.data.repository.config.RepositoryConfigurationDelegate - Finished Spring Data repository scanning in 182 ms. Found 9 JPA repository interfaces.
09/May/2022:12:10:46 +0530 [main] INFO  org.springframework.boot.web.embedded.tomcat.TomcatWebServer - Tomcat initialized with port(s): 8090 (http)
09/May/2022:12:10:46 +0530 [main] INFO  org.apache.coyote.http11.Http11NioProtocol - Initializing ProtocolHandler ["http-nio-8090"]
09/May/2022:12:10:46 +0530 [main] INFO  org.apache.catalina.core.StandardService - Starting service [Tomcat]
09/May/2022:12:10:46 +0530 [main] INFO  org.apache.catalina.core.StandardEngine - Starting Servlet engine: [Apache Tomcat/9.0.60]
09/May/2022:12:10:47 +0530 [main] INFO  org.apache.catalina.core.ContainerBase.[Tomcat].[localhost].[/] - Initializing Spring embedded WebApplicationContext
09/May/2022:12:10:47 +0530 [main] INFO  org.springframework.boot.web.servlet.context.ServletWebServerApplicationContext - Root WebApplicationContext: initialization completed in 2883 ms
09/May/2022:12:10:47 +0530 [main] INFO  org.hibernate.jpa.internal.util.LogHelper - HHH000204: Processing PersistenceUnitInfo [name: default]
09/May/2022:12:10:47 +0530 [main] INFO  org.hibernate.Version - HHH000412: Hibernate ORM core version 5.6.7.Final
09/May/2022:12:10:48 +0530 [main] INFO  org.hibernate.annotations.common.Version - HCANN000001: Hibernate Commons Annotations {5.1.2.Final}
09/May/2022:12:10:48 +0530 [main] INFO  com.zaxxer.hikari.HikariDataSource - HikariPool-1 - Starting...
09/May/2022:12:10:48 +0530 [main] WARN  com.zaxxer.hikari.util.DriverDataSource - Registered driver with driverClassName=com.mysql.jdbc.Driver was not found, trying direct instantiation.
09/May/2022:12:10:55 +0530 [main] INFO  com.zaxxer.hikari.HikariDataSource - HikariPool-1 - Start completed.
09/May/2022:12:10:55 +0530 [main] INFO  org.hibernate.dialect.Dialect - HHH000400: Using dialect: org.hibernate.dialect.MySQL5InnoDBDialect
09/May/2022:12:10:57 +0530 [main] INFO  org.hibernate.engine.transaction.jta.platform.internal.JtaPlatformInitiator - HHH000490: Using JtaPlatform implementation: [org.hibernate.engine.transaction.jta.platform.internal.NoJtaPlatform]
09/May/2022:12:10:57 +0530 [main] INFO  org.springframework.orm.jpa.LocalContainerEntityManagerFactoryBean - Initialized JPA EntityManagerFactory for persistence unit 'default'
09/May/2022:12:10:59 +0530 [main] WARN  org.springframework.boot.autoconfigure.orm.jpa.JpaBaseConfiguration$JpaWebConfiguration - spring.jpa.open-in-view is enabled by default. Therefore, database queries may be performed during view rendering. Explicitly configure spring.jpa.open-in-view to disable this warning
09/May/2022:12:10:59 +0530 [main] INFO  org.apache.coyote.http11.Http11NioProtocol - Starting ProtocolHandler ["http-nio-8090"]
09/May/2022:12:10:59 +0530 [main] INFO  org.springframework.boot.web.embedded.tomcat.TomcatWebServer - Tomcat started on port(s): 8090 (http) with context path ''
09/May/2022:12:10:59 +0530 [main] INFO  com.spe.eatnow_backend.EatnowBackendApplication - Started EatnowBackendApplication in 16.772 seconds (JVM running for 17.712)
09/May/2022:12:12:40 +0530 [http-nio-8090-exec-1] INFO  org.apache.catalina.core.ContainerBase.[Tomcat].[localhost].[/] - Initializing Spring DispatcherServlet 'dispatcherServlet'
09/May/2022:12:12:40 +0530 [http-nio-8090-exec-1] INFO  org.springframework.web.servlet.DispatcherServlet - Initializing Servlet 'dispatcherServlet'
09/May/2022:12:12:40 +0530 [http-nio-8090-exec-1] INFO  org.springframework.web.servlet.DispatcherServlet - Completed initialization in 3 ms
09/May/2022:12:12:40 +0530 [http-nio-8090-exec-2] INFO  com.spe.eatnow_backend.controllers.UserController - [Find User] - Invoked
09/May/2022:12:12:41 +0530 [http-nio-8090-exec-4] INFO  com.spe.eatnow_backend.controllers.UserController - [Find UserById] - Invoked
09/May/2022:12:12:48 +0530 [http-nio-8090-exec-6] INFO  com.spe.eatnow_backend.controllers.SearchController - [Search Restaurants] - Invoked
09/May/2022:12:12:49 +0530 [http-nio-8090-exec-7] INFO  com.spe.eatnow_backend.controllers.UserController - [Find UserById] - Invoked
09/May/2022:12:12:51 +0530 [http-nio-8090-exec-9] INFO  com.spe.eatnow_backend.controllers.RestaurantController - [Find Menu Items] - Invoked
09/May/2022:12:12:57 +0530 [http-nio-8090-exec-1] INFO  com.spe.eatnow_backend.controllers.RestaurantController - [Place Order] - Invoked
09/May/2022:12:13:02 +0530 [http-nio-8090-exec-3] INFO  com.spe.eatnow_backend.controllers.RestaurantController - [Book Table] - Invoked
09/May/2022:12:13:06 +0530 [http-nio-8090-exec-5] INFO  com.spe.eatnow_backend.controllers.RestaurantController - [Find Comments] - Invoked
09/May/2022:12:13:09 +0530 [http-nio-8090-exec-6] INFO  com.spe.eatnow_backend.controllers.RestaurantController - [Find Menu Items] - Invoked
